<?xml version="1.0" encoding="UTF-8"?>
<!-- Generated by org.testng.reporters.JUnitReportReporter -->
<testsuite hostname="PrabhuDELL" failures="0" tests="4" name="api_test.UserTests" time="4.238" errors="0" timestamp="2024-08-06T23:38:47 EDT" skipped="0">
  <testcase classname="api_test.UserTests" name="testPostUser" time="2.111"/>
  <testcase classname="api_test.UserTests" name="testGetUser" time="0.489"/>
  <testcase classname="api_test.UserTests" name="testUpdateUser" time="0.795"/>
  <testcase classname="api_test.UserTests" name="testDeleteUser" time="0.843"/>
</testsuite> <!-- api_test.UserTests -->
