<?xml version="1.0" encoding="UTF-8"?>
<!-- Generated by org.testng.reporters.JUnitReportReporter -->
<testsuite hostname="PrabhuDELL" failures="0" tests="4" name="api_test.UserTests2" time="3.510" errors="0" timestamp="2024-08-07T19:12:06 EDT" skipped="0">
  <testcase classname="api_test.UserTests2" name="testPostUser" time="2.058"/>
  <testcase classname="api_test.UserTests2" name="testGetUser" time="0.512"/>
  <testcase classname="api_test.UserTests2" name="testUpdateUser" time="0.455"/>
  <testcase classname="api_test.UserTests2" name="testDeleteUser" time="0.485"/>
</testsuite> <!-- api_test.UserTests2 -->
